2026-02-25 21:15:45,024 - INFO - 🎯 IndoorMediaProspectBot v2 starting...
/Users/tylervansant/.openclaw/workspace/scripts/telegram_prospecting_bot_v2.py:371: PTBUserWarning: If 'per_message=False', 'CallbackQueryHandler' will not be tracked for every message. Read this FAQ entry to learn more about the per_* settings: https://github.com/python-telegram-bot/python-telegram-bot/wiki/Frequently-Asked-Questions#what-do-the-per_-settings-in-conversationhandler-do.
  conv_handler = ConversationHandler(
2026-02-25 21:15:45,082 - INFO - ✅ IndoorMediaProspectBot v2 ready. Polling for messages...
2026-02-25 21:15:45,622 - INFO - HTTP Request: POST https://api.telegram.org/bot8781563020:AAHm_khWUcjngvS0zuNewBbpMM-p2zuMjzI/getMe "HTTP/1.1 200 OK"
2026-02-25 21:15:45,810 - INFO - HTTP Request: POST https://api.telegram.org/bot8781563020:AAHm_khWUcjngvS0zuNewBbpMM-p2zuMjzI/deleteWebhook "HTTP/1.1 200 OK"
2026-02-25 21:15:45,812 - INFO - Application started
2026-02-25 21:15:56,365 - INFO - HTTP Request: POST https://api.telegram.org/bot8781563020:AAHm_khWUcjngvS0zuNewBbpMM-p2zuMjzI/getUpdates "HTTP/1.1 200 OK"
2026-02-25 21:16:06,540 - INFO - HTTP Request: POST https://api.telegram.org/bot8781563020:AAHm_khWUcjngvS0zuNewBbpMM-p2zuMjzI/getUpdates "HTTP/1.1 200 OK"
2026-02-25 21:16:16,724 - INFO - HTTP Request: POST https://api.telegram.org/bot8781563020:AAHm_khWUcjngvS0zuNewBbpMM-p2zuMjzI/getUpdates "HTTP/1.1 200 OK"
2026-02-25 21:16:26,915 - INFO - HTTP Request: POST https://api.telegram.org/bot8781563020:AAHm_khWUcjngvS0zuNewBbpMM-p2zuMjzI/getUpdates "HTTP/1.1 200 OK"
2026-02-25 21:16:37,093 - INFO - HTTP Request: POST https://api.telegram.org/bot8781563020:AAHm_khWUcjngvS0zuNewBbpMM-p2zuMjzI/getUpdates "HTTP/1.1 200 OK"
2026-02-25 21:16:47,275 - INFO - HTTP Request: POST https://api.telegram.org/bot8781563020:AAHm_khWUcjngvS0zuNewBbpMM-p2zuMjzI/getUpdates "HTTP/1.1 200 OK"
2026-02-25 21:16:57,482 - INFO - HTTP Request: POST https://api.telegram.org/bot8781563020:AAHm_khWUcjngvS0zuNewBbpMM-p2zuMjzI/getUpdates "HTTP/1.1 200 OK"
2026-02-25 21:17:07,673 - INFO - HTTP Request: POST https://api.telegram.org/bot8781563020:AAHm_khWUcjngvS0zuNewBbpMM-p2zuMjzI/getUpdates "HTTP/1.1 200 OK"
2026-02-25 21:17:17,873 - INFO - HTTP Request: POST https://api.telegram.org/bot8781563020:AAHm_khWUcjngvS0zuNewBbpMM-p2zuMjzI/getUpdates "HTTP/1.1 200 OK"
2026-02-25 21:17:28,054 - INFO - HTTP Request: POST https://api.telegram.org/bot8781563020:AAHm_khWUcjngvS0zuNewBbpMM-p2zuMjzI/getUpdates "HTTP/1.1 200 OK"
2026-02-25 21:17:38,246 - INFO - HTTP Request: POST https://api.telegram.org/bot8781563020:AAHm_khWUcjngvS0zuNewBbpMM-p2zuMjzI/getUpdates "HTTP/1.1 200 OK"
2026-02-25 21:17:48,426 - INFO - HTTP Request: POST https://api.telegram.org/bot8781563020:AAHm_khWUcjngvS0zuNewBbpMM-p2zuMjzI/getUpdates "HTTP/1.1 200 OK"
2026-02-25 21:17:58,624 - INFO - HTTP Request: POST https://api.telegram.org/bot8781563020:AAHm_khWUcjngvS0zuNewBbpMM-p2zuMjzI/getUpdates "HTTP/1.1 200 OK"
2026-02-25 21:18:08,811 - INFO - HTTP Request: POST https://api.telegram.org/bot8781563020:AAHm_khWUcjngvS0zuNewBbpMM-p2zuMjzI/getUpdates "HTTP/1.1 200 OK"
2026-02-25 21:18:18,997 - INFO - HTTP Request: POST https://api.telegram.org/bot8781563020:AAHm_khWUcjngvS0zuNewBbpMM-p2zuMjzI/getUpdates "HTTP/1.1 200 OK"
2026-02-25 21:18:29,238 - INFO - HTTP Request: POST https://api.telegram.org/bot8781563020:AAHm_khWUcjngvS0zuNewBbpMM-p2zuMjzI/getUpdates "HTTP/1.1 200 OK"
2026-02-25 21:18:39,430 - INFO - HTTP Request: POST https://api.telegram.org/bot8781563020:AAHm_khWUcjngvS0zuNewBbpMM-p2zuMjzI/getUpdates "HTTP/1.1 200 OK"
2026-02-25 21:18:49,622 - INFO - HTTP Request: POST https://api.telegram.org/bot8781563020:AAHm_khWUcjngvS0zuNewBbpMM-p2zuMjzI/getUpdates "HTTP/1.1 200 OK"
2026-02-25 21:18:59,814 - INFO - HTTP Request: POST https://api.telegram.org/bot8781563020:AAHm_khWUcjngvS0zuNewBbpMM-p2zuMjzI/getUpdates "HTTP/1.1 200 OK"
2026-02-25 21:19:10,006 - INFO - HTTP Request: POST https://api.telegram.org/bot8781563020:AAHm_khWUcjngvS0zuNewBbpMM-p2zuMjzI/getUpdates "HTTP/1.1 200 OK"
2026-02-25 21:19:20,234 - INFO - HTTP Request: POST https://api.telegram.org/bot8781563020:AAHm_khWUcjngvS0zuNewBbpMM-p2zuMjzI/getUpdates "HTTP/1.1 200 OK"
2026-02-25 21:19:30,473 - INFO - HTTP Request: POST https://api.telegram.org/bot8781563020:AAHm_khWUcjngvS0zuNewBbpMM-p2zuMjzI/getUpdates "HTTP/1.1 200 OK"
2026-02-25 21:19:40,658 - INFO - HTTP Request: POST https://api.telegram.org/bot8781563020:AAHm_khWUcjngvS0zuNewBbpMM-p2zuMjzI/getUpdates "HTTP/1.1 200 OK"
2026-02-25 21:19:50,854 - INFO - HTTP Request: POST https://api.telegram.org/bot8781563020:AAHm_khWUcjngvS0zuNewBbpMM-p2zuMjzI/getUpdates "HTTP/1.1 200 OK"
2026-02-25 21:20:01,093 - INFO - HTTP Request: POST https://api.telegram.org/bot8781563020:AAHm_khWUcjngvS0zuNewBbpMM-p2zuMjzI/getUpdates "HTTP/1.1 200 OK"
2026-02-25 21:20:11,334 - INFO - HTTP Request: POST https://api.telegram.org/bot8781563020:AAHm_khWUcjngvS0zuNewBbpMM-p2zuMjzI/getUpdates "HTTP/1.1 200 OK"
2026-02-25 21:20:21,524 - INFO - HTTP Request: POST https://api.telegram.org/bot8781563020:AAHm_khWUcjngvS0zuNewBbpMM-p2zuMjzI/getUpdates "HTTP/1.1 200 OK"
2026-02-25 21:20:31,814 - INFO - HTTP Request: POST https://api.telegram.org/bot8781563020:AAHm_khWUcjngvS0zuNewBbpMM-p2zuMjzI/getUpdates "HTTP/1.1 200 OK"
2026-02-25 21:20:42,000 - INFO - HTTP Request: POST https://api.telegram.org/bot8781563020:AAHm_khWUcjngvS0zuNewBbpMM-p2zuMjzI/getUpdates "HTTP/1.1 200 OK"
2026-02-25 21:20:52,185 - INFO - HTTP Request: POST https://api.telegram.org/bot8781563020:AAHm_khWUcjngvS0zuNewBbpMM-p2zuMjzI/getUpdates "HTTP/1.1 200 OK"
2026-02-25 21:21:02,440 - INFO - HTTP Request: POST https://api.telegram.org/bot8781563020:AAHm_khWUcjngvS0zuNewBbpMM-p2zuMjzI/getUpdates "HTTP/1.1 200 OK"
2026-02-25 21:21:12,671 - INFO - HTTP Request: POST https://api.telegram.org/bot8781563020:AAHm_khWUcjngvS0zuNewBbpMM-p2zuMjzI/getUpdates "HTTP/1.1 200 OK"
2026-02-25 21:21:22,911 - INFO - HTTP Request: POST https://api.telegram.org/bot8781563020:AAHm_khWUcjngvS0zuNewBbpMM-p2zuMjzI/getUpdates "HTTP/1.1 200 OK"
2026-02-25 21:21:33,099 - INFO - HTTP Request: POST https://api.telegram.org/bot8781563020:AAHm_khWUcjngvS0zuNewBbpMM-p2zuMjzI/getUpdates "HTTP/1.1 200 OK"
2026-02-25 21:21:43,289 - INFO - HTTP Request: POST https://api.telegram.org/bot8781563020:AAHm_khWUcjngvS0zuNewBbpMM-p2zuMjzI/getUpdates "HTTP/1.1 200 OK"
2026-02-25 21:21:53,534 - INFO - HTTP Request: POST https://api.telegram.org/bot8781563020:AAHm_khWUcjngvS0zuNewBbpMM-p2zuMjzI/getUpdates "HTTP/1.1 200 OK"
2026-02-25 21:22:03,773 - INFO - HTTP Request: POST https://api.telegram.org/bot8781563020:AAHm_khWUcjngvS0zuNewBbpMM-p2zuMjzI/getUpdates "HTTP/1.1 200 OK"
2026-02-25 21:22:14,013 - INFO - HTTP Request: POST https://api.telegram.org/bot8781563020:AAHm_khWUcjngvS0zuNewBbpMM-p2zuMjzI/getUpdates "HTTP/1.1 200 OK"
2026-02-25 21:22:24,250 - INFO - HTTP Request: POST https://api.telegram.org/bot8781563020:AAHm_khWUcjngvS0zuNewBbpMM-p2zuMjzI/getUpdates "HTTP/1.1 200 OK"
2026-02-25 21:22:34,438 - INFO - HTTP Request: POST https://api.telegram.org/bot8781563020:AAHm_khWUcjngvS0zuNewBbpMM-p2zuMjzI/getUpdates "HTTP/1.1 200 OK"
2026-02-25 21:22:44,652 - INFO - HTTP Request: POST https://api.telegram.org/bot8781563020:AAHm_khWUcjngvS0zuNewBbpMM-p2zuMjzI/getUpdates "HTTP/1.1 200 OK"
2026-02-25 21:22:54,870 - INFO - HTTP Request: POST https://api.telegram.org/bot8781563020:AAHm_khWUcjngvS0zuNewBbpMM-p2zuMjzI/getUpdates "HTTP/1.1 200 OK"
2026-02-25 21:23:05,065 - INFO - HTTP Request: POST https://api.telegram.org/bot8781563020:AAHm_khWUcjngvS0zuNewBbpMM-p2zuMjzI/getUpdates "HTTP/1.1 200 OK"
2026-02-25 21:23:15,252 - INFO - HTTP Request: POST https://api.telegram.org/bot8781563020:AAHm_khWUcjngvS0zuNewBbpMM-p2zuMjzI/getUpdates "HTTP/1.1 200 OK"
2026-02-25 21:23:25,484 - INFO - HTTP Request: POST https://api.telegram.org/bot8781563020:AAHm_khWUcjngvS0zuNewBbpMM-p2zuMjzI/getUpdates "HTTP/1.1 200 OK"
2026-02-25 21:23:35,676 - INFO - HTTP Request: POST https://api.telegram.org/bot8781563020:AAHm_khWUcjngvS0zuNewBbpMM-p2zuMjzI/getUpdates "HTTP/1.1 200 OK"
2026-02-25 21:23:45,873 - INFO - HTTP Request: POST https://api.telegram.org/bot8781563020:AAHm_khWUcjngvS0zuNewBbpMM-p2zuMjzI/getUpdates "HTTP/1.1 200 OK"
2026-02-25 21:23:56,103 - INFO - HTTP Request: POST https://api.telegram.org/bot8781563020:AAHm_khWUcjngvS0zuNewBbpMM-p2zuMjzI/getUpdates "HTTP/1.1 200 OK"
2026-02-25 21:24:06,292 - INFO - HTTP Request: POST https://api.telegram.org/bot8781563020:AAHm_khWUcjngvS0zuNewBbpMM-p2zuMjzI/getUpdates "HTTP/1.1 200 OK"
2026-02-25 21:24:16,472 - INFO - HTTP Request: POST https://api.telegram.org/bot8781563020:AAHm_khWUcjngvS0zuNewBbpMM-p2zuMjzI/getUpdates "HTTP/1.1 200 OK"
2026-02-25 21:24:26,698 - INFO - HTTP Request: POST https://api.telegram.org/bot8781563020:AAHm_khWUcjngvS0zuNewBbpMM-p2zuMjzI/getUpdates "HTTP/1.1 200 OK"
2026-02-25 21:24:37,452 - INFO - HTTP Request: POST https://api.telegram.org/bot8781563020:AAHm_khWUcjngvS0zuNewBbpMM-p2zuMjzI/getUpdates "HTTP/1.1 200 OK"
2026-02-25 21:24:47,713 - INFO - HTTP Request: POST https://api.telegram.org/bot8781563020:AAHm_khWUcjngvS0zuNewBbpMM-p2zuMjzI/getUpdates "HTTP/1.1 200 OK"
2026-02-25 21:24:57,898 - INFO - HTTP Request: POST https://api.telegram.org/bot8781563020:AAHm_khWUcjngvS0zuNewBbpMM-p2zuMjzI/getUpdates "HTTP/1.1 200 OK"
2026-02-25 21:25:08,079 - INFO - HTTP Request: POST https://api.telegram.org/bot8781563020:AAHm_khWUcjngvS0zuNewBbpMM-p2zuMjzI/getUpdates "HTTP/1.1 200 OK"
2026-02-25 21:25:18,259 - INFO - HTTP Request: POST https://api.telegram.org/bot8781563020:AAHm_khWUcjngvS0zuNewBbpMM-p2zuMjzI/getUpdates "HTTP/1.1 200 OK"
2026-02-25 21:25:28,470 - INFO - HTTP Request: POST https://api.telegram.org/bot8781563020:AAHm_khWUcjngvS0zuNewBbpMM-p2zuMjzI/getUpdates "HTTP/1.1 200 OK"
2026-02-25 21:25:38,656 - INFO - HTTP Request: POST https://api.telegram.org/bot8781563020:AAHm_khWUcjngvS0zuNewBbpMM-p2zuMjzI/getUpdates "HTTP/1.1 200 OK"
2026-02-25 21:25:48,845 - INFO - HTTP Request: POST https://api.telegram.org/bot8781563020:AAHm_khWUcjngvS0zuNewBbpMM-p2zuMjzI/getUpdates "HTTP/1.1 200 OK"
2026-02-25 21:25:59,087 - INFO - HTTP Request: POST https://api.telegram.org/bot8781563020:AAHm_khWUcjngvS0zuNewBbpMM-p2zuMjzI/getUpdates "HTTP/1.1 200 OK"
2026-02-25 21:26:09,277 - INFO - HTTP Request: POST https://api.telegram.org/bot8781563020:AAHm_khWUcjngvS0zuNewBbpMM-p2zuMjzI/getUpdates "HTTP/1.1 200 OK"
2026-02-25 21:26:19,467 - INFO - HTTP Request: POST https://api.telegram.org/bot8781563020:AAHm_khWUcjngvS0zuNewBbpMM-p2zuMjzI/getUpdates "HTTP/1.1 200 OK"
2026-02-25 21:26:29,707 - INFO - HTTP Request: POST https://api.telegram.org/bot8781563020:AAHm_khWUcjngvS0zuNewBbpMM-p2zuMjzI/getUpdates "HTTP/1.1 200 OK"
2026-02-25 21:26:39,901 - INFO - HTTP Request: POST https://api.telegram.org/bot8781563020:AAHm_khWUcjngvS0zuNewBbpMM-p2zuMjzI/getUpdates "HTTP/1.1 200 OK"
2026-02-25 21:26:50,092 - INFO - HTTP Request: POST https://api.telegram.org/bot8781563020:AAHm_khWUcjngvS0zuNewBbpMM-p2zuMjzI/getUpdates "HTTP/1.1 200 OK"
2026-02-25 21:27:00,325 - INFO - HTTP Request: POST https://api.telegram.org/bot8781563020:AAHm_khWUcjngvS0zuNewBbpMM-p2zuMjzI/getUpdates "HTTP/1.1 200 OK"
2026-02-25 21:27:10,527 - INFO - HTTP Request: POST https://api.telegram.org/bot8781563020:AAHm_khWUcjngvS0zuNewBbpMM-p2zuMjzI/getUpdates "HTTP/1.1 200 OK"
2026-02-25 21:27:20,821 - INFO - HTTP Request: POST https://api.telegram.org/bot8781563020:AAHm_khWUcjngvS0zuNewBbpMM-p2zuMjzI/getUpdates "HTTP/1.1 200 OK"
2026-02-25 21:27:31,261 - INFO - HTTP Request: POST https://api.telegram.org/bot8781563020:AAHm_khWUcjngvS0zuNewBbpMM-p2zuMjzI/getUpdates "HTTP/1.1 200 OK"
2026-02-25 21:27:41,463 - INFO - HTTP Request: POST https://api.telegram.org/bot8781563020:AAHm_khWUcjngvS0zuNewBbpMM-p2zuMjzI/getUpdates "HTTP/1.1 200 OK"
2026-02-25 21:27:55,334 - INFO - HTTP Request: POST https://api.telegram.org/bot8781563020:AAHm_khWUcjngvS0zuNewBbpMM-p2zuMjzI/getUpdates "HTTP/1.1 200 OK"
2026-02-25 21:28:05,817 - INFO - HTTP Request: POST https://api.telegram.org/bot8781563020:AAHm_khWUcjngvS0zuNewBbpMM-p2zuMjzI/getUpdates "HTTP/1.1 200 OK"
2026-02-25 21:28:16,693 - INFO - HTTP Request: POST https://api.telegram.org/bot8781563020:AAHm_khWUcjngvS0zuNewBbpMM-p2zuMjzI/getUpdates "HTTP/1.1 200 OK"
2026-02-25 21:28:26,965 - INFO - HTTP Request: POST https://api.telegram.org/bot8781563020:AAHm_khWUcjngvS0zuNewBbpMM-p2zuMjzI/getUpdates "HTTP/1.1 200 OK"
2026-02-25 21:28:37,157 - INFO - HTTP Request: POST https://api.telegram.org/bot8781563020:AAHm_khWUcjngvS0zuNewBbpMM-p2zuMjzI/getUpdates "HTTP/1.1 200 OK"
2026-02-25 21:28:47,655 - INFO - HTTP Request: POST https://api.telegram.org/bot8781563020:AAHm_khWUcjngvS0zuNewBbpMM-p2zuMjzI/getUpdates "HTTP/1.1 200 OK"
2026-02-25 21:28:58,094 - INFO - HTTP Request: POST https://api.telegram.org/bot8781563020:AAHm_khWUcjngvS0zuNewBbpMM-p2zuMjzI/getUpdates "HTTP/1.1 200 OK"
2026-02-25 21:29:08,949 - INFO - HTTP Request: POST https://api.telegram.org/bot8781563020:AAHm_khWUcjngvS0zuNewBbpMM-p2zuMjzI/getUpdates "HTTP/1.1 200 OK"
2026-02-25 21:29:19,492 - INFO - HTTP Request: POST https://api.telegram.org/bot8781563020:AAHm_khWUcjngvS0zuNewBbpMM-p2zuMjzI/getUpdates "HTTP/1.1 200 OK"
2026-02-25 21:29:30,572 - INFO - HTTP Request: POST https://api.telegram.org/bot8781563020:AAHm_khWUcjngvS0zuNewBbpMM-p2zuMjzI/getUpdates "HTTP/1.1 200 OK"
2026-02-25 21:29:42,664 - INFO - HTTP Request: POST https://api.telegram.org/bot8781563020:AAHm_khWUcjngvS0zuNewBbpMM-p2zuMjzI/getUpdates "HTTP/1.1 200 OK"
2026-02-25 21:29:54,866 - INFO - HTTP Request: POST https://api.telegram.org/bot8781563020:AAHm_khWUcjngvS0zuNewBbpMM-p2zuMjzI/getUpdates "HTTP/1.1 200 OK"
2026-02-25 21:30:05,949 - INFO - HTTP Request: POST https://api.telegram.org/bot8781563020:AAHm_khWUcjngvS0zuNewBbpMM-p2zuMjzI/getUpdates "HTTP/1.1 200 OK"
2026-02-25 21:30:16,611 - INFO - HTTP Request: POST https://api.telegram.org/bot8781563020:AAHm_khWUcjngvS0zuNewBbpMM-p2zuMjzI/getUpdates "HTTP/1.1 200 OK"
2026-02-25 21:30:27,651 - INFO - HTTP Request: POST https://api.telegram.org/bot8781563020:AAHm_khWUcjngvS0zuNewBbpMM-p2zuMjzI/getUpdates "HTTP/1.1 200 OK"
2026-02-25 21:30:38,168 - INFO - HTTP Request: POST https://api.telegram.org/bot8781563020:AAHm_khWUcjngvS0zuNewBbpMM-p2zuMjzI/getUpdates "HTTP/1.1 200 OK"
2026-02-25 21:30:49,835 - INFO - HTTP Request: POST https://api.telegram.org/bot8781563020:AAHm_khWUcjngvS0zuNewBbpMM-p2zuMjzI/getUpdates "HTTP/1.1 200 OK"
2026-02-25 21:31:24,553 - INFO - HTTP Request: POST https://api.telegram.org/bot8781563020:AAHm_khWUcjngvS0zuNewBbpMM-p2zuMjzI/getUpdates "HTTP/1.1 200 OK"
2026-02-25 21:31:35,988 - INFO - HTTP Request: POST https://api.telegram.org/bot8781563020:AAHm_khWUcjngvS0zuNewBbpMM-p2zuMjzI/getUpdates "HTTP/1.1 200 OK"
2026-02-25 21:31:46,717 - INFO - HTTP Request: POST https://api.telegram.org/bot8781563020:AAHm_khWUcjngvS0zuNewBbpMM-p2zuMjzI/getUpdates "HTTP/1.1 200 OK"
2026-02-25 21:31:58,674 - INFO - HTTP Request: POST https://api.telegram.org/bot8781563020:AAHm_khWUcjngvS0zuNewBbpMM-p2zuMjzI/getUpdates "HTTP/1.1 200 OK"
2026-02-25 21:32:08,948 - INFO - HTTP Request: POST https://api.telegram.org/bot8781563020:AAHm_khWUcjngvS0zuNewBbpMM-p2zuMjzI/getUpdates "HTTP/1.1 200 OK"
2026-02-25 21:32:19,115 - INFO - HTTP Request: POST https://api.telegram.org/bot8781563020:AAHm_khWUcjngvS0zuNewBbpMM-p2zuMjzI/getUpdates "HTTP/1.1 200 OK"
2026-02-25 21:32:29,339 - INFO - HTTP Request: POST https://api.telegram.org/bot8781563020:AAHm_khWUcjngvS0zuNewBbpMM-p2zuMjzI/getUpdates "HTTP/1.1 200 OK"
2026-02-25 21:32:39,510 - INFO - HTTP Request: POST https://api.telegram.org/bot8781563020:AAHm_khWUcjngvS0zuNewBbpMM-p2zuMjzI/getUpdates "HTTP/1.1 200 OK"
2026-02-25 21:32:49,717 - INFO - HTTP Request: POST https://api.telegram.org/bot8781563020:AAHm_khWUcjngvS0zuNewBbpMM-p2zuMjzI/getUpdates "HTTP/1.1 200 OK"
2026-02-25 21:32:59,969 - INFO - HTTP Request: POST https://api.telegram.org/bot8781563020:AAHm_khWUcjngvS0zuNewBbpMM-p2zuMjzI/getUpdates "HTTP/1.1 200 OK"
2026-02-25 21:33:10,137 - INFO - HTTP Request: POST https://api.telegram.org/bot8781563020:AAHm_khWUcjngvS0zuNewBbpMM-p2zuMjzI/getUpdates "HTTP/1.1 200 OK"
2026-02-25 21:33:20,319 - INFO - HTTP Request: POST https://api.telegram.org/bot8781563020:AAHm_khWUcjngvS0zuNewBbpMM-p2zuMjzI/getUpdates "HTTP/1.1 200 OK"
2026-02-25 21:33:30,575 - INFO - HTTP Request: POST https://api.telegram.org/bot8781563020:AAHm_khWUcjngvS0zuNewBbpMM-p2zuMjzI/getUpdates "HTTP/1.1 200 OK"
2026-02-25 21:33:40,815 - INFO - HTTP Request: POST https://api.telegram.org/bot8781563020:AAHm_khWUcjngvS0zuNewBbpMM-p2zuMjzI/getUpdates "HTTP/1.1 200 OK"
2026-02-25 21:33:50,988 - INFO - HTTP Request: POST https://api.telegram.org/bot8781563020:AAHm_khWUcjngvS0zuNewBbpMM-p2zuMjzI/getUpdates "HTTP/1.1 200 OK"
2026-02-25 21:34:01,194 - INFO - HTTP Request: POST https://api.telegram.org/bot8781563020:AAHm_khWUcjngvS0zuNewBbpMM-p2zuMjzI/getUpdates "HTTP/1.1 200 OK"
2026-02-25 21:34:11,367 - INFO - HTTP Request: POST https://api.telegram.org/bot8781563020:AAHm_khWUcjngvS0zuNewBbpMM-p2zuMjzI/getUpdates "HTTP/1.1 200 OK"
2026-02-25 21:34:21,571 - INFO - HTTP Request: POST https://api.telegram.org/bot8781563020:AAHm_khWUcjngvS0zuNewBbpMM-p2zuMjzI/getUpdates "HTTP/1.1 200 OK"
2026-02-25 21:34:31,813 - INFO - HTTP Request: POST https://api.telegram.org/bot8781563020:AAHm_khWUcjngvS0zuNewBbpMM-p2zuMjzI/getUpdates "HTTP/1.1 200 OK"
2026-02-25 21:34:41,981 - INFO - HTTP Request: POST https://api.telegram.org/bot8781563020:AAHm_khWUcjngvS0zuNewBbpMM-p2zuMjzI/getUpdates "HTTP/1.1 200 OK"
2026-02-25 21:34:52,172 - INFO - HTTP Request: POST https://api.telegram.org/bot8781563020:AAHm_khWUcjngvS0zuNewBbpMM-p2zuMjzI/getUpdates "HTTP/1.1 200 OK"
2026-02-25 21:35:02,350 - INFO - HTTP Request: POST https://api.telegram.org/bot8781563020:AAHm_khWUcjngvS0zuNewBbpMM-p2zuMjzI/getUpdates "HTTP/1.1 200 OK"
2026-02-25 21:35:12,749 - INFO - HTTP Request: POST https://api.telegram.org/bot8781563020:AAHm_khWUcjngvS0zuNewBbpMM-p2zuMjzI/getUpdates "HTTP/1.1 200 OK"
2026-02-25 21:35:22,920 - INFO - HTTP Request: POST https://api.telegram.org/bot8781563020:AAHm_khWUcjngvS0zuNewBbpMM-p2zuMjzI/getUpdates "HTTP/1.1 200 OK"
2026-02-25 21:35:33,150 - INFO - HTTP Request: POST https://api.telegram.org/bot8781563020:AAHm_khWUcjngvS0zuNewBbpMM-p2zuMjzI/getUpdates "HTTP/1.1 200 OK"
2026-02-25 21:35:43,330 - INFO - HTTP Request: POST https://api.telegram.org/bot8781563020:AAHm_khWUcjngvS0zuNewBbpMM-p2zuMjzI/getUpdates "HTTP/1.1 200 OK"
2026-02-25 21:35:53,528 - INFO - HTTP Request: POST https://api.telegram.org/bot8781563020:AAHm_khWUcjngvS0zuNewBbpMM-p2zuMjzI/getUpdates "HTTP/1.1 200 OK"
2026-02-25 21:36:03,768 - INFO - HTTP Request: POST https://api.telegram.org/bot8781563020:AAHm_khWUcjngvS0zuNewBbpMM-p2zuMjzI/getUpdates "HTTP/1.1 200 OK"
2026-02-25 21:36:13,935 - INFO - HTTP Request: POST https://api.telegram.org/bot8781563020:AAHm_khWUcjngvS0zuNewBbpMM-p2zuMjzI/getUpdates "HTTP/1.1 200 OK"
2026-02-25 21:36:24,154 - INFO - HTTP Request: POST https://api.telegram.org/bot8781563020:AAHm_khWUcjngvS0zuNewBbpMM-p2zuMjzI/getUpdates "HTTP/1.1 200 OK"
2026-02-25 21:36:34,330 - INFO - HTTP Request: POST https://api.telegram.org/bot8781563020:AAHm_khWUcjngvS0zuNewBbpMM-p2zuMjzI/getUpdates "HTTP/1.1 200 OK"
2026-02-25 21:36:44,502 - INFO - HTTP Request: POST https://api.telegram.org/bot8781563020:AAHm_khWUcjngvS0zuNewBbpMM-p2zuMjzI/getUpdates "HTTP/1.1 200 OK"
2026-02-25 21:36:54,763 - INFO - HTTP Request: POST https://api.telegram.org/bot8781563020:AAHm_khWUcjngvS0zuNewBbpMM-p2zuMjzI/getUpdates "HTTP/1.1 200 OK"
2026-02-25 21:37:04,958 - INFO - HTTP Request: POST https://api.telegram.org/bot8781563020:AAHm_khWUcjngvS0zuNewBbpMM-p2zuMjzI/getUpdates "HTTP/1.1 200 OK"
2026-02-25 21:37:15,136 - INFO - HTTP Request: POST https://api.telegram.org/bot8781563020:AAHm_khWUcjngvS0zuNewBbpMM-p2zuMjzI/getUpdates "HTTP/1.1 200 OK"
2026-02-25 21:37:25,392 - INFO - HTTP Request: POST https://api.telegram.org/bot8781563020:AAHm_khWUcjngvS0zuNewBbpMM-p2zuMjzI/getUpdates "HTTP/1.1 200 OK"
2026-02-25 21:37:35,622 - INFO - HTTP Request: POST https://api.telegram.org/bot8781563020:AAHm_khWUcjngvS0zuNewBbpMM-p2zuMjzI/getUpdates "HTTP/1.1 200 OK"
2026-02-25 21:37:45,800 - INFO - HTTP Request: POST https://api.telegram.org/bot8781563020:AAHm_khWUcjngvS0zuNewBbpMM-p2zuMjzI/getUpdates "HTTP/1.1 200 OK"
2026-02-25 21:37:56,001 - INFO - HTTP Request: POST https://api.telegram.org/bot8781563020:AAHm_khWUcjngvS0zuNewBbpMM-p2zuMjzI/getUpdates "HTTP/1.1 200 OK"
2026-02-25 21:38:06,177 - INFO - HTTP Request: POST https://api.telegram.org/bot8781563020:AAHm_khWUcjngvS0zuNewBbpMM-p2zuMjzI/getUpdates "HTTP/1.1 200 OK"
2026-02-25 21:38:16,347 - INFO - HTTP Request: POST https://api.telegram.org/bot8781563020:AAHm_khWUcjngvS0zuNewBbpMM-p2zuMjzI/getUpdates "HTTP/1.1 200 OK"
2026-02-25 21:38:26,620 - INFO - HTTP Request: POST https://api.telegram.org/bot8781563020:AAHm_khWUcjngvS0zuNewBbpMM-p2zuMjzI/getUpdates "HTTP/1.1 200 OK"
2026-02-25 21:38:36,859 - INFO - HTTP Request: POST https://api.telegram.org/bot8781563020:AAHm_khWUcjngvS0zuNewBbpMM-p2zuMjzI/getUpdates "HTTP/1.1 200 OK"
2026-02-25 21:38:47,025 - INFO - HTTP Request: POST https://api.telegram.org/bot8781563020:AAHm_khWUcjngvS0zuNewBbpMM-p2zuMjzI/getUpdates "HTTP/1.1 200 OK"
2026-02-25 21:38:57,201 - INFO - HTTP Request: POST https://api.telegram.org/bot8781563020:AAHm_khWUcjngvS0zuNewBbpMM-p2zuMjzI/getUpdates "HTTP/1.1 200 OK"
2026-02-25 21:39:07,386 - INFO - HTTP Request: POST https://api.telegram.org/bot8781563020:AAHm_khWUcjngvS0zuNewBbpMM-p2zuMjzI/getUpdates "HTTP/1.1 200 OK"
2026-02-25 21:39:17,559 - INFO - HTTP Request: POST https://api.telegram.org/bot8781563020:AAHm_khWUcjngvS0zuNewBbpMM-p2zuMjzI/getUpdates "HTTP/1.1 200 OK"
2026-02-25 21:39:27,729 - INFO - HTTP Request: POST https://api.telegram.org/bot8781563020:AAHm_khWUcjngvS0zuNewBbpMM-p2zuMjzI/getUpdates "HTTP/1.1 200 OK"
2026-02-25 21:39:37,963 - INFO - HTTP Request: POST https://api.telegram.org/bot8781563020:AAHm_khWUcjngvS0zuNewBbpMM-p2zuMjzI/getUpdates "HTTP/1.1 200 OK"
2026-02-25 21:39:48,233 - INFO - HTTP Request: POST https://api.telegram.org/bot8781563020:AAHm_khWUcjngvS0zuNewBbpMM-p2zuMjzI/getUpdates "HTTP/1.1 200 OK"
2026-02-25 21:39:58,476 - INFO - HTTP Request: POST https://api.telegram.org/bot8781563020:AAHm_khWUcjngvS0zuNewBbpMM-p2zuMjzI/getUpdates "HTTP/1.1 200 OK"
2026-02-25 21:40:08,716 - INFO - HTTP Request: POST https://api.telegram.org/bot8781563020:AAHm_khWUcjngvS0zuNewBbpMM-p2zuMjzI/getUpdates "HTTP/1.1 200 OK"
2026-02-25 21:40:18,885 - INFO - HTTP Request: POST https://api.telegram.org/bot8781563020:AAHm_khWUcjngvS0zuNewBbpMM-p2zuMjzI/getUpdates "HTTP/1.1 200 OK"
2026-02-25 21:40:29,063 - INFO - HTTP Request: POST https://api.telegram.org/bot8781563020:AAHm_khWUcjngvS0zuNewBbpMM-p2zuMjzI/getUpdates "HTTP/1.1 200 OK"
2026-02-25 21:40:39,240 - INFO - HTTP Request: POST https://api.telegram.org/bot8781563020:AAHm_khWUcjngvS0zuNewBbpMM-p2zuMjzI/getUpdates "HTTP/1.1 200 OK"
2026-02-25 21:40:49,429 - INFO - HTTP Request: POST https://api.telegram.org/bot8781563020:AAHm_khWUcjngvS0zuNewBbpMM-p2zuMjzI/getUpdates "HTTP/1.1 200 OK"
2026-02-25 21:40:59,630 - INFO - HTTP Request: POST https://api.telegram.org/bot8781563020:AAHm_khWUcjngvS0zuNewBbpMM-p2zuMjzI/getUpdates "HTTP/1.1 200 OK"
2026-02-25 21:41:09,868 - INFO - HTTP Request: POST https://api.telegram.org/bot8781563020:AAHm_khWUcjngvS0zuNewBbpMM-p2zuMjzI/getUpdates "HTTP/1.1 200 OK"
2026-02-25 21:41:16,653 - INFO - HTTP Request: POST https://api.telegram.org/bot8781563020:AAHm_khWUcjngvS0zuNewBbpMM-p2zuMjzI/getUpdates "HTTP/1.1 200 OK"
2026-02-25 21:41:16,654 - INFO - Application is stopping. This might take a moment.
2026-02-25 21:41:16,655 - INFO - Application.stop() complete
